log file: logs/231209-115221.log
--------------------------------------------------------------------------------
Config 1 (totally 1 configs)
No.1 training process of 5
>>> dataset: ours
>>> output_dir: output
>>> SRD: 5
>>> learning_rate: 3e-05
>>> use_unique_bert: True
>>> use_bert_spc: False
>>> local_context_focus: cdw
>>> num_train_epochs: 5.0
>>> train_batch_size: 32
>>> dropout: 0.0
>>> max_seq_length: 250
>>> eval_batch_size: 32
>>> eval_steps: 20
>>> gradient_accumulation_steps: 1
>>> device: cuda:0
>>> seed: 1
>>> bert_model: bert-base-chinese
>>> data_dir: atepc_datasets/ours
***** Running training *****
  Num examples = 4090
  Batch size = 32
  Num steps = 635
################################################################################
Train 1 Epoch1
################################################################################
################################################################################
Train 1 Epoch2
################################################################################
################################################################################
Train 1 Epoch3
################################################################################
################################################################################
Train 1 Epoch4
################################################################################
save model to: output/ours_cdw_apcacc_100.0_apcf1_33.33_atef1_50.52
********************************************************************************
Train 1 Epoch4, Evaluate for atepc_datasets/ours
APC_test_acc: 100.0(max: 100.0)  APC_test_f1: 33.33(max: 33.33)
ATE_test_f1: 50.52(max:50.52)
********************************************************************************
save model to: output/ours_cdw_apcacc_100.0_apcf1_33.33_atef1_54.27
********************************************************************************
Train 1 Epoch4, Evaluate for atepc_datasets/ours
APC_test_acc: 100.0(max: 100.0)  APC_test_f1: 33.33(max: 33.33)
ATE_test_f1: 54.27(max:54.27)
********************************************************************************
save model to: output/ours_cdw_apcacc_100.0_apcf1_33.33_atef1_54.51
********************************************************************************
Train 1 Epoch4, Evaluate for atepc_datasets/ours
APC_test_acc: 100.0(max: 100.0)  APC_test_f1: 33.33(max: 33.33)
ATE_test_f1: 54.51(max:54.51)
********************************************************************************
save model to: output/ours_cdw_apcacc_100.0_apcf1_33.33_atef1_55.42
********************************************************************************
Train 1 Epoch4, Evaluate for atepc_datasets/ours
APC_test_acc: 100.0(max: 100.0)  APC_test_f1: 33.33(max: 33.33)
ATE_test_f1: 55.42(max:55.42)
********************************************************************************
********************************************************************************
Train 1 Epoch4, Evaluate for atepc_datasets/ours
APC_test_acc: 100.0(max: 100.0)  APC_test_f1: 33.33(max: 33.33)
ATE_test_f1: 54.79(max:55.42)
********************************************************************************
********************************************************************************
Train 1 Epoch4, Evaluate for atepc_datasets/ours
APC_test_acc: 100.0(max: 100.0)  APC_test_f1: 33.33(max: 33.33)
ATE_test_f1: 55.16(max:55.42)
********************************************************************************
################################################################################
Train 1 Epoch5
################################################################################
save model to: output/ours_cdw_apcacc_100.0_apcf1_33.33_atef1_56.98
********************************************************************************
Train 1 Epoch5, Evaluate for atepc_datasets/ours
APC_test_acc: 100.0(max: 100.0)  APC_test_f1: 33.33(max: 33.33)
ATE_test_f1: 56.98(max:56.98)
********************************************************************************
********************************************************************************
Train 1 Epoch5, Evaluate for atepc_datasets/ours
APC_test_acc: 100.0(max: 100.0)  APC_test_f1: 33.33(max: 33.33)
ATE_test_f1: 54.87(max:56.98)
********************************************************************************
********************************************************************************
Train 1 Epoch5, Evaluate for atepc_datasets/ours
APC_test_acc: 100.0(max: 100.0)  APC_test_f1: 33.33(max: 33.33)
ATE_test_f1: 55.44(max:56.98)
********************************************************************************
save model to: output/ours_cdw_apcacc_100.0_apcf1_33.33_atef1_58.05
********************************************************************************
Train 1 Epoch5, Evaluate for atepc_datasets/ours
APC_test_acc: 100.0(max: 100.0)  APC_test_f1: 33.33(max: 33.33)
ATE_test_f1: 58.05(max:58.05)
********************************************************************************
********************************************************************************
Train 1 Epoch5, Evaluate for atepc_datasets/ours
APC_test_acc: 100.0(max: 100.0)  APC_test_f1: 33.33(max: 33.33)
ATE_test_f1: 55.21(max:58.05)
********************************************************************************
save model to: output/ours_cdw_apcacc_100.0_apcf1_33.33_atef1_58.58
********************************************************************************
Train 1 Epoch5, Evaluate for atepc_datasets/ours
APC_test_acc: 100.0(max: 100.0)  APC_test_f1: 33.33(max: 33.33)
ATE_test_f1: 58.58(max:58.58)
********************************************************************************
********************************************************************************
Train 1 Epoch5, Evaluate for atepc_datasets/ours
APC_test_acc: 100.0(max: 100.0)  APC_test_f1: 33.33(max: 33.33)
ATE_test_f1: 56.35(max:58.58)
********************************************************************************
max_ate_test_f1:58.58 max_apc_test_acc: 100.0	max_apc_test_f1: 33.33 	
No.2 training process of 5
>>> dataset: ours
>>> output_dir: output
>>> SRD: 5
>>> learning_rate: 3e-05
>>> use_unique_bert: True
>>> use_bert_spc: False
>>> local_context_focus: cdw
>>> num_train_epochs: 5.0
>>> train_batch_size: 32
>>> dropout: 0.0
>>> max_seq_length: 250
>>> eval_batch_size: 32
>>> eval_steps: 20
>>> gradient_accumulation_steps: 1
>>> device: cuda:0
>>> seed: 2
>>> bert_model: bert-base-chinese
>>> data_dir: atepc_datasets/ours
***** Running training *****
  Num examples = 4090
  Batch size = 32
  Num steps = 635
################################################################################
Train 2 Epoch1
################################################################################
################################################################################
Train 2 Epoch2
################################################################################
################################################################################
Train 2 Epoch3
################################################################################
################################################################################
Train 2 Epoch4
################################################################################
save model to: output/ours_cdw_apcacc_100.0_apcf1_33.33_atef1_55.02
********************************************************************************
Train 2 Epoch4, Evaluate for atepc_datasets/ours
APC_test_acc: 100.0(max: 100.0)  APC_test_f1: 33.33(max: 33.33)
ATE_test_f1: 55.02(max:55.02)
********************************************************************************
save model to: output/ours_cdw_apcacc_100.0_apcf1_33.33_atef1_56.02
********************************************************************************
Train 2 Epoch4, Evaluate for atepc_datasets/ours
APC_test_acc: 100.0(max: 100.0)  APC_test_f1: 33.33(max: 33.33)
ATE_test_f1: 56.02(max:56.02)
********************************************************************************
********************************************************************************
Train 2 Epoch4, Evaluate for atepc_datasets/ours
APC_test_acc: 100.0(max: 100.0)  APC_test_f1: 33.33(max: 33.33)
ATE_test_f1: 55.54(max:56.02)
********************************************************************************
********************************************************************************
Train 2 Epoch4, Evaluate for atepc_datasets/ours
APC_test_acc: 100.0(max: 100.0)  APC_test_f1: 33.33(max: 33.33)
ATE_test_f1: 55.22(max:56.02)
********************************************************************************
********************************************************************************
Train 2 Epoch4, Evaluate for atepc_datasets/ours
APC_test_acc: 100.0(max: 100.0)  APC_test_f1: 33.33(max: 33.33)
ATE_test_f1: 54.72(max:56.02)
********************************************************************************
save model to: output/ours_cdw_apcacc_100.0_apcf1_33.33_atef1_57.23
********************************************************************************
Train 2 Epoch4, Evaluate for atepc_datasets/ours
APC_test_acc: 100.0(max: 100.0)  APC_test_f1: 33.33(max: 33.33)
ATE_test_f1: 57.23(max:57.23)
********************************************************************************
################################################################################
Train 2 Epoch5
################################################################################
save model to: output/ours_cdw_apcacc_100.0_apcf1_33.33_atef1_57.28
********************************************************************************
Train 2 Epoch5, Evaluate for atepc_datasets/ours
APC_test_acc: 100.0(max: 100.0)  APC_test_f1: 33.33(max: 33.33)
ATE_test_f1: 57.28(max:57.28)
********************************************************************************
********************************************************************************
Train 2 Epoch5, Evaluate for atepc_datasets/ours
APC_test_acc: 100.0(max: 100.0)  APC_test_f1: 33.33(max: 33.33)
ATE_test_f1: 53.88(max:57.28)
********************************************************************************
********************************************************************************
Train 2 Epoch5, Evaluate for atepc_datasets/ours
APC_test_acc: 100.0(max: 100.0)  APC_test_f1: 33.33(max: 33.33)
ATE_test_f1: 56.19(max:57.28)
********************************************************************************
********************************************************************************
Train 2 Epoch5, Evaluate for atepc_datasets/ours
APC_test_acc: 100.0(max: 100.0)  APC_test_f1: 33.33(max: 33.33)
ATE_test_f1: 56.97(max:57.28)
********************************************************************************
********************************************************************************
Train 2 Epoch5, Evaluate for atepc_datasets/ours
APC_test_acc: 100.0(max: 100.0)  APC_test_f1: 33.33(max: 33.33)
ATE_test_f1: 56.24(max:57.28)
********************************************************************************
save model to: output/ours_cdw_apcacc_100.0_apcf1_33.33_atef1_57.3
********************************************************************************
Train 2 Epoch5, Evaluate for atepc_datasets/ours
APC_test_acc: 100.0(max: 100.0)  APC_test_f1: 33.33(max: 33.33)
ATE_test_f1: 57.3(max:57.3)
********************************************************************************
save model to: output/ours_cdw_apcacc_100.0_apcf1_33.33_atef1_57.38
********************************************************************************
Train 2 Epoch5, Evaluate for atepc_datasets/ours
APC_test_acc: 100.0(max: 100.0)  APC_test_f1: 33.33(max: 33.33)
ATE_test_f1: 57.38(max:57.38)
********************************************************************************
max_ate_test_f1:58.58 max_apc_test_acc: 100.0	max_apc_test_f1: 33.33 	
No.3 training process of 5
>>> dataset: ours
>>> output_dir: output
>>> SRD: 5
>>> learning_rate: 3e-05
>>> use_unique_bert: True
>>> use_bert_spc: False
>>> local_context_focus: cdw
>>> num_train_epochs: 5.0
>>> train_batch_size: 32
>>> dropout: 0.0
>>> max_seq_length: 250
>>> eval_batch_size: 32
>>> eval_steps: 20
>>> gradient_accumulation_steps: 1
>>> device: cuda:0
>>> seed: 3
>>> bert_model: bert-base-chinese
>>> data_dir: atepc_datasets/ours
***** Running training *****
  Num examples = 4090
  Batch size = 32
  Num steps = 635
################################################################################
Train 3 Epoch1
################################################################################
################################################################################
Train 3 Epoch2
################################################################################
################################################################################
Train 3 Epoch3
################################################################################
################################################################################
Train 3 Epoch4
################################################################################
save model to: output/ours_cdw_apcacc_100.0_apcf1_33.33_atef1_53.31
********************************************************************************
Train 3 Epoch4, Evaluate for atepc_datasets/ours
APC_test_acc: 100.0(max: 100.0)  APC_test_f1: 33.33(max: 33.33)
ATE_test_f1: 53.31(max:53.31)
********************************************************************************
save model to: output/ours_cdw_apcacc_100.0_apcf1_33.33_atef1_55.27
********************************************************************************
Train 3 Epoch4, Evaluate for atepc_datasets/ours
APC_test_acc: 100.0(max: 100.0)  APC_test_f1: 33.33(max: 33.33)
ATE_test_f1: 55.27(max:55.27)
********************************************************************************
********************************************************************************
Train 3 Epoch4, Evaluate for atepc_datasets/ours
APC_test_acc: 100.0(max: 100.0)  APC_test_f1: 33.33(max: 33.33)
ATE_test_f1: 54.66(max:55.27)
********************************************************************************
save model to: output/ours_cdw_apcacc_100.0_apcf1_33.33_atef1_55.55
********************************************************************************
Train 3 Epoch4, Evaluate for atepc_datasets/ours
APC_test_acc: 100.0(max: 100.0)  APC_test_f1: 33.33(max: 33.33)
ATE_test_f1: 55.55(max:55.55)
********************************************************************************
save model to: output/ours_cdw_apcacc_100.0_apcf1_33.33_atef1_55.95
********************************************************************************
Train 3 Epoch4, Evaluate for atepc_datasets/ours
APC_test_acc: 100.0(max: 100.0)  APC_test_f1: 33.33(max: 33.33)
ATE_test_f1: 55.95(max:55.95)
********************************************************************************
********************************************************************************
Train 3 Epoch4, Evaluate for atepc_datasets/ours
APC_test_acc: 100.0(max: 100.0)  APC_test_f1: 33.33(max: 33.33)
ATE_test_f1: 54.7(max:55.95)
********************************************************************************
################################################################################
Train 3 Epoch5
################################################################################
save model to: output/ours_cdw_apcacc_100.0_apcf1_33.33_atef1_57.77
********************************************************************************
Train 3 Epoch5, Evaluate for atepc_datasets/ours
APC_test_acc: 100.0(max: 100.0)  APC_test_f1: 33.33(max: 33.33)
ATE_test_f1: 57.77(max:57.77)
********************************************************************************
********************************************************************************
Train 3 Epoch5, Evaluate for atepc_datasets/ours
APC_test_acc: 100.0(max: 100.0)  APC_test_f1: 33.33(max: 33.33)
ATE_test_f1: 55.72(max:57.77)
********************************************************************************
save model to: output/ours_cdw_apcacc_100.0_apcf1_33.33_atef1_58.47
********************************************************************************
Train 3 Epoch5, Evaluate for atepc_datasets/ours
APC_test_acc: 100.0(max: 100.0)  APC_test_f1: 33.33(max: 33.33)
ATE_test_f1: 58.47(max:58.47)
********************************************************************************
********************************************************************************
Train 3 Epoch5, Evaluate for atepc_datasets/ours
APC_test_acc: 100.0(max: 100.0)  APC_test_f1: 33.33(max: 33.33)
ATE_test_f1: 57.82(max:58.47)
********************************************************************************
********************************************************************************
Train 3 Epoch5, Evaluate for atepc_datasets/ours
APC_test_acc: 100.0(max: 100.0)  APC_test_f1: 33.33(max: 33.33)
ATE_test_f1: 55.95(max:58.47)
********************************************************************************
save model to: output/ours_cdw_apcacc_100.0_apcf1_33.33_atef1_59.66
********************************************************************************
Train 3 Epoch5, Evaluate for atepc_datasets/ours
APC_test_acc: 100.0(max: 100.0)  APC_test_f1: 33.33(max: 33.33)
ATE_test_f1: 59.66(max:59.66)
********************************************************************************
********************************************************************************
Train 3 Epoch5, Evaluate for atepc_datasets/ours
APC_test_acc: 100.0(max: 100.0)  APC_test_f1: 33.33(max: 33.33)
ATE_test_f1: 57.18(max:59.66)
********************************************************************************
max_ate_test_f1:59.66 max_apc_test_acc: 100.0	max_apc_test_f1: 33.33 	
No.4 training process of 5
>>> dataset: ours
>>> output_dir: output
>>> SRD: 5
>>> learning_rate: 3e-05
>>> use_unique_bert: True
>>> use_bert_spc: False
>>> local_context_focus: cdw
>>> num_train_epochs: 5.0
>>> train_batch_size: 32
>>> dropout: 0.0
>>> max_seq_length: 250
>>> eval_batch_size: 32
>>> eval_steps: 20
>>> gradient_accumulation_steps: 1
>>> device: cuda:0
>>> seed: 4
>>> bert_model: bert-base-chinese
>>> data_dir: atepc_datasets/ours
***** Running training *****
  Num examples = 4090
  Batch size = 32
  Num steps = 635
################################################################################
Train 4 Epoch1
################################################################################
